/*C12*/SET SCHEMA PUBLIC
drop table if exists public.bank cascade 
drop table if exists public.client cascade 
drop table if exists public.credit cascade 
drop table if exists public.credit_offer cascade 
drop table if exists public.payment_event cascade 
drop table if exists bank_client_list cascade 
drop table if exists bank_credit_list cascade 
drop table if exists credit_offer_payment_event_list cascade 
create table public.bank (id binary(16) not null, title varchar(255), primary key (id))
create table public.client (id binary(16) not null, email varchar(255), first_name varchar(255), passportid varchar(255), phone_number varchar(255), second_name varchar(255), primary key (id))
create table public.credit (id binary(16) not null, interest_rate float(53) not null, limit float(53) not null, primary key (id))
create table public.credit_offer (id binary(16) not null, duration integer not null, payment_sum float(53) not null, client_id binary(16), credit_id binary(16), primary key (id))
create table public.payment_event (id binary(16) not null, credit_sum float(53) not null, interest_sum float(53) not null, local_date date, payment_sum float(53) not null, credit_offer_id binary(16), primary key (id))
alter table public.client add constraint UK_ik3p1fjgcdk0unb6w1y68ppp6 unique (passportid)
create table bank_client_list (bank_id binary(16) not null, client_list_id binary(16) not null)
create table bank_credit_list (bank_id binary(16) not null, credit_list_id binary(16) not null)
create table credit_offer_payment_event_list (credit_offer_id binary(16) not null, payment_event_list_id binary(16) not null)
alter table bank_client_list add constraint UK_q0jj5ght012wm0hdl7pyf1vwc unique (client_list_id)
alter table bank_credit_list add constraint UK_9dphuwtddf88ulic704y0w6u8 unique (credit_list_id)
alter table credit_offer_payment_event_list add constraint UK_da3akgxwrn4c60i64p888gtsq unique (payment_event_list_id)
alter table public.credit_offer add constraint FK9d0yha92vq76j1p83ftcymopy foreign key (client_id) references public.client
alter table public.credit_offer add constraint FKnvc9mqgyq6ptbumj35edcgf4i foreign key (credit_id) references public.credit
alter table public.payment_event add constraint FK5ghbi796cq03o4557ajpw7fla foreign key (credit_offer_id) references public.credit_offer
alter table bank_client_list add constraint FKj23thvlf5tk9oy0sf0808lyxy foreign key (client_list_id) references public.client
alter table bank_client_list add constraint FKp82wiv8s7eydnrgjvtb2ebhm2 foreign key (bank_id) references public.bank
alter table bank_credit_list add constraint FK7l817fym4xdngqvu8gpafw7aj foreign key (credit_list_id) references public.credit
alter table bank_credit_list add constraint FK7e7qqta7g8wdc4516nq22wkf1 foreign key (bank_id) references public.bank
alter table credit_offer_payment_event_list add constraint FK5frxbpxiki3kwqd6ryp6bd0k3 foreign key (payment_event_list_id) references public.payment_event
alter table credit_offer_payment_event_list add constraint FKbn1r3pc2xxs9vadwlsehy7sg1 foreign key (credit_offer_id) references public.credit_offer
INSERT INTO CLIENT VALUES('20e60e0175d4f44cd6f7947883ddd4d0','KorkWake@smarts.ru','Kork','9177856785','89587656778','Wake')
COMMIT
INSERT INTO CLIENT VALUES('20e60e0175d4f44cd6f7947883ddd4d1','Anatoliy@gmail.com','Anatoliy','9177856778','89678587656','Noriaki')
COMMIT
INSERT INTO CLIENT VALUES('20e60e0175d4f44cd6f7947883ddd4d2','pro100Noriaki@mail.ru','Tolik','9177787856','89876585678','Kishibe')
COMMIT
INSERT INTO CREDIT VALUES('20e60e0175d4f44cd6f7947883ddd5a1',5.0E0,50000.0E0)
COMMIT
INSERT INTO CREDIT VALUES('20e60e0175d4f44cd6f7947883ddd5a2',12.0E0,20000.0E0)
COMMIT
INSERT INTO BANK VALUES('20e60e0175d4f44cd6f7947883ddd5d0','Krok bank')
COMMIT
INSERT INTO BANK VALUES('20e60e0175d4f44cd6f7947883ddd5d1','SberBank')
COMMIT
INSERT INTO BANK_CLIENT_LIST VALUES('20e60e0175d4f44cd6f7947883ddd5d0','20e60e0175d4f44cd6f7947883ddd4d0')
COMMIT
INSERT INTO BANK_CLIENT_LIST VALUES('20e60e0175d4f44cd6f7947883ddd5d0','20e60e0175d4f44cd6f7947883ddd4d1')
COMMIT
INSERT INTO BANK_CREDIT_LIST VALUES('20e60e0175d4f44cd6f7947883ddd5d0','20e60e0175d4f44cd6f7947883ddd5a1')
COMMIT
INSERT INTO BANK_CLIENT_LIST VALUES('20e60e0175d4f44cd6f7947883ddd5d1','20e60e0175d4f44cd6f7947883ddd4d2')
COMMIT
INSERT INTO BANK_CREDIT_LIST VALUES('20e60e0175d4f44cd6f7947883ddd5d1','20e60e0175d4f44cd6f7947883ddd5a2')
COMMIT
DELETE FROM BANK WHERE ID='20e60e0175d4f44cd6f7947883ddd5d0'
INSERT INTO BANK VALUES('20e60e0175d4f44cd6f7947883ddd5d0','Kroka bank')
DELETE FROM BANK_CLIENT_LIST WHERE BANK_ID='20e60e0175d4f44cd6f7947883ddd5d0' AND CLIENT_LIST_ID='20e60e0175d4f44cd6f7947883ddd4d0'
DELETE FROM BANK_CLIENT_LIST WHERE BANK_ID='20e60e0175d4f44cd6f7947883ddd5d0' AND CLIENT_LIST_ID='20e60e0175d4f44cd6f7947883ddd4d1'
DELETE FROM BANK_CREDIT_LIST WHERE BANK_ID='20e60e0175d4f44cd6f7947883ddd5d0' AND CREDIT_LIST_ID='20e60e0175d4f44cd6f7947883ddd5a1'
COMMIT
/*C4*/SET SCHEMA PUBLIC
DISCONNECT
/*C13*/SET SCHEMA PUBLIC
DISCONNECT
/*C17*/SET SCHEMA PUBLIC
DISCONNECT
/*C16*/SET SCHEMA PUBLIC
DISCONNECT
/*C15*/SET SCHEMA PUBLIC
DISCONNECT
/*C18*/SET SCHEMA PUBLIC
DISCONNECT
/*C12*/DISCONNECT
/*C14*/SET SCHEMA PUBLIC
DISCONNECT
/*C20*/SET SCHEMA PUBLIC
DISCONNECT
/*C21*/SET SCHEMA PUBLIC
DISCONNECT
/*C19*/SET SCHEMA PUBLIC
DISCONNECT
/*C22*/SET SCHEMA PUBLIC
drop table if exists public.bank cascade 
drop table if exists public.client cascade 
drop table if exists public.credit cascade 
drop table if exists public.credit_offer cascade 
drop table if exists public.payment_event cascade 
drop table if exists bank_client_list cascade 
drop table if exists bank_credit_list cascade 
drop table if exists credit_offer_payment_event_list cascade 
DISCONNECT
/*C23*/SET SCHEMA PUBLIC
DISCONNECT
/*C24*/SET SCHEMA PUBLIC
DISCONNECT
/*C25*/SET SCHEMA PUBLIC
DISCONNECT
/*C26*/SET SCHEMA PUBLIC
DISCONNECT
/*C27*/SET SCHEMA PUBLIC
DISCONNECT
/*C28*/SET SCHEMA PUBLIC
DISCONNECT
/*C29*/SET SCHEMA PUBLIC
DISCONNECT
/*C30*/SET SCHEMA PUBLIC
DISCONNECT
/*C31*/SET SCHEMA PUBLIC
DISCONNECT
/*C23*/SET SCHEMA PUBLIC
drop table if exists public.bank cascade 
drop table if exists public.client cascade 
drop table if exists public.credit cascade 
drop table if exists public.credit_offer cascade 
drop table if exists public.payment_event cascade 
drop table if exists bank_client_list cascade 
drop table if exists bank_credit_list cascade 
drop table if exists credit_offer_payment_event_list cascade 
create table public.bank (id binary(16) not null, title varchar(255), primary key (id))
create table public.client (id binary(16) not null, email varchar(255), first_name varchar(255), passportid varchar(255), phone_number varchar(255), second_name varchar(255), primary key (id))
create table public.credit (id binary(16) not null, interest_rate float(53) not null, limit float(53) not null, primary key (id))
create table public.credit_offer (id binary(16) not null, duration integer not null, payment_sum float(53) not null, client_id binary(16), credit_id binary(16), primary key (id))
create table public.payment_event (id binary(16) not null, credit_sum float(53) not null, interest_sum float(53) not null, local_date date, payment_sum float(53) not null, credit_offer_id binary(16), primary key (id))
alter table public.client add constraint UK_ik3p1fjgcdk0unb6w1y68ppp6 unique (passportid)
create table bank_client_list (bank_id binary(16) not null, client_list_id binary(16) not null)
create table bank_credit_list (bank_id binary(16) not null, credit_list_id binary(16) not null)
create table credit_offer_payment_event_list (credit_offer_id binary(16) not null, payment_event_list_id binary(16) not null)
alter table bank_client_list add constraint UK_q0jj5ght012wm0hdl7pyf1vwc unique (client_list_id)
alter table bank_credit_list add constraint UK_9dphuwtddf88ulic704y0w6u8 unique (credit_list_id)
alter table credit_offer_payment_event_list add constraint UK_da3akgxwrn4c60i64p888gtsq unique (payment_event_list_id)
alter table public.credit_offer add constraint FK9d0yha92vq76j1p83ftcymopy foreign key (client_id) references public.client
alter table public.credit_offer add constraint FKnvc9mqgyq6ptbumj35edcgf4i foreign key (credit_id) references public.credit
alter table public.payment_event add constraint FK5ghbi796cq03o4557ajpw7fla foreign key (credit_offer_id) references public.credit_offer
alter table bank_client_list add constraint FKj23thvlf5tk9oy0sf0808lyxy foreign key (client_list_id) references public.client
alter table bank_client_list add constraint FKp82wiv8s7eydnrgjvtb2ebhm2 foreign key (bank_id) references public.bank
alter table bank_credit_list add constraint FK7l817fym4xdngqvu8gpafw7aj foreign key (credit_list_id) references public.credit
alter table bank_credit_list add constraint FK7e7qqta7g8wdc4516nq22wkf1 foreign key (bank_id) references public.bank
alter table credit_offer_payment_event_list add constraint FK5frxbpxiki3kwqd6ryp6bd0k3 foreign key (payment_event_list_id) references public.payment_event
alter table credit_offer_payment_event_list add constraint FKbn1r3pc2xxs9vadwlsehy7sg1 foreign key (credit_offer_id) references public.credit_offer
INSERT INTO CLIENT VALUES('20e60e0175d4f44cd6f7947883ddd4d0','KorkWake@smarts.ru','Kork','9177856785','89587656778','Wake')
COMMIT
INSERT INTO CLIENT VALUES('20e60e0175d4f44cd6f7947883ddd4d1','Anatoliy@gmail.com','Anatoliy','9177856778','89678587656','Noriaki')
COMMIT
INSERT INTO CLIENT VALUES('20e60e0175d4f44cd6f7947883ddd4d2','pro100Noriaki@mail.ru','Tolik','9177787856','89876585678','Kishibe')
COMMIT
INSERT INTO CREDIT VALUES('20e60e0175d4f44cd6f7947883ddd5a1',5.0E0,50000.0E0)
COMMIT
INSERT INTO CREDIT VALUES('20e60e0175d4f44cd6f7947883ddd5a2',12.0E0,20000.0E0)
COMMIT
INSERT INTO BANK VALUES('20e60e0175d4f44cd6f7947883ddd5d0','Krok bank')
COMMIT
INSERT INTO BANK VALUES('20e60e0175d4f44cd6f7947883ddd5d1','SberBank')
COMMIT
INSERT INTO BANK_CLIENT_LIST VALUES('20e60e0175d4f44cd6f7947883ddd5d0','20e60e0175d4f44cd6f7947883ddd4d0')
COMMIT
INSERT INTO BANK_CLIENT_LIST VALUES('20e60e0175d4f44cd6f7947883ddd5d0','20e60e0175d4f44cd6f7947883ddd4d1')
COMMIT
INSERT INTO BANK_CREDIT_LIST VALUES('20e60e0175d4f44cd6f7947883ddd5d0','20e60e0175d4f44cd6f7947883ddd5a1')
COMMIT
INSERT INTO BANK_CLIENT_LIST VALUES('20e60e0175d4f44cd6f7947883ddd5d1','20e60e0175d4f44cd6f7947883ddd4d2')
COMMIT
INSERT INTO BANK_CREDIT_LIST VALUES('20e60e0175d4f44cd6f7947883ddd5d1','20e60e0175d4f44cd6f7947883ddd5a2')
COMMIT
drop table if exists public.bank cascade 
drop table if exists public.client cascade 
drop table if exists public.credit cascade 
drop table if exists public.credit_offer cascade 
drop table if exists public.payment_event cascade 
drop table if exists bank_client_list cascade 
drop table if exists bank_credit_list cascade 
drop table if exists credit_offer_payment_event_list cascade 
DISCONNECT
/*C24*/SET SCHEMA PUBLIC
DISCONNECT
/*C25*/SET SCHEMA PUBLIC
DISCONNECT
/*C26*/SET SCHEMA PUBLIC
DISCONNECT
/*C27*/SET SCHEMA PUBLIC
DISCONNECT
/*C28*/SET SCHEMA PUBLIC
DISCONNECT
/*C29*/SET SCHEMA PUBLIC
DISCONNECT
/*C30*/SET SCHEMA PUBLIC
DISCONNECT
/*C31*/SET SCHEMA PUBLIC
DISCONNECT
/*C32*/SET SCHEMA PUBLIC
DISCONNECT
/*C33*/SET SCHEMA PUBLIC
drop table if exists public.bank cascade 
drop table if exists public.client cascade 
drop table if exists public.credit cascade 
drop table if exists public.credit_offer cascade 
drop table if exists public.payment_event cascade 
drop table if exists bank_client_list cascade 
drop table if exists bank_credit_list cascade 
drop table if exists credit_offer_payment_event_list cascade 
create table public.bank (id binary(16) not null, title varchar(255), primary key (id))
create table public.client (id binary(16) not null, email varchar(255), first_name varchar(255), passportid varchar(255), phone_number varchar(255), second_name varchar(255), primary key (id))
create table public.credit (id binary(16) not null, interest_rate float(53) not null, limit float(53) not null, primary key (id))
create table public.credit_offer (id binary(16) not null, duration integer not null, payment_sum float(53) not null, client_id binary(16), credit_id binary(16), primary key (id))
create table public.payment_event (id binary(16) not null, credit_sum float(53) not null, interest_sum float(53) not null, local_date date, payment_sum float(53) not null, credit_offer_id binary(16), primary key (id))
alter table public.client add constraint UK_ik3p1fjgcdk0unb6w1y68ppp6 unique (passportid)
create table bank_client_list (bank_id binary(16) not null, client_list_id binary(16) not null)
create table bank_credit_list (bank_id binary(16) not null, credit_list_id binary(16) not null)
create table credit_offer_payment_event_list (credit_offer_id binary(16) not null, payment_event_list_id binary(16) not null)
alter table bank_client_list add constraint UK_q0jj5ght012wm0hdl7pyf1vwc unique (client_list_id)
alter table bank_credit_list add constraint UK_9dphuwtddf88ulic704y0w6u8 unique (credit_list_id)
alter table credit_offer_payment_event_list add constraint UK_da3akgxwrn4c60i64p888gtsq unique (payment_event_list_id)
alter table public.credit_offer add constraint FK9d0yha92vq76j1p83ftcymopy foreign key (client_id) references public.client
alter table public.credit_offer add constraint FKnvc9mqgyq6ptbumj35edcgf4i foreign key (credit_id) references public.credit
alter table public.payment_event add constraint FK5ghbi796cq03o4557ajpw7fla foreign key (credit_offer_id) references public.credit_offer
alter table bank_client_list add constraint FKj23thvlf5tk9oy0sf0808lyxy foreign key (client_list_id) references public.client
alter table bank_client_list add constraint FKp82wiv8s7eydnrgjvtb2ebhm2 foreign key (bank_id) references public.bank
alter table bank_credit_list add constraint FK7l817fym4xdngqvu8gpafw7aj foreign key (credit_list_id) references public.credit
alter table bank_credit_list add constraint FK7e7qqta7g8wdc4516nq22wkf1 foreign key (bank_id) references public.bank
alter table credit_offer_payment_event_list add constraint FK5frxbpxiki3kwqd6ryp6bd0k3 foreign key (payment_event_list_id) references public.payment_event
alter table credit_offer_payment_event_list add constraint FKbn1r3pc2xxs9vadwlsehy7sg1 foreign key (credit_offer_id) references public.credit_offer
INSERT INTO CLIENT VALUES('20e60e0175d4f44cd6f7947883ddd4d0','KorkWake@smarts.ru','Kork','9177856785','89587656778','Wake')
COMMIT
INSERT INTO CLIENT VALUES('20e60e0175d4f44cd6f7947883ddd4d1','Anatoliy@gmail.com','Anatoliy','9177856778','89678587656','Noriaki')
COMMIT
INSERT INTO CLIENT VALUES('20e60e0175d4f44cd6f7947883ddd4d2','pro100Noriaki@mail.ru','Tolik','9177787856','89876585678','Kishibe')
COMMIT
INSERT INTO CREDIT VALUES('20e60e0175d4f44cd6f7947883ddd5a1',5.0E0,50000.0E0)
COMMIT
INSERT INTO CREDIT VALUES('20e60e0175d4f44cd6f7947883ddd5a2',12.0E0,20000.0E0)
COMMIT
INSERT INTO BANK VALUES('20e60e0175d4f44cd6f7947883ddd5d0','Krok bank')
COMMIT
INSERT INTO BANK VALUES('20e60e0175d4f44cd6f7947883ddd5d1','SberBank')
COMMIT
INSERT INTO BANK_CLIENT_LIST VALUES('20e60e0175d4f44cd6f7947883ddd5d0','20e60e0175d4f44cd6f7947883ddd4d0')
COMMIT
INSERT INTO BANK_CLIENT_LIST VALUES('20e60e0175d4f44cd6f7947883ddd5d0','20e60e0175d4f44cd6f7947883ddd4d1')
COMMIT
INSERT INTO BANK_CREDIT_LIST VALUES('20e60e0175d4f44cd6f7947883ddd5d0','20e60e0175d4f44cd6f7947883ddd5a1')
COMMIT
INSERT INTO BANK_CLIENT_LIST VALUES('20e60e0175d4f44cd6f7947883ddd5d1','20e60e0175d4f44cd6f7947883ddd4d2')
COMMIT
INSERT INTO BANK_CREDIT_LIST VALUES('20e60e0175d4f44cd6f7947883ddd5d1','20e60e0175d4f44cd6f7947883ddd5a2')
COMMIT
DELETE FROM BANK WHERE ID='20e60e0175d4f44cd6f7947883ddd5d0'
INSERT INTO BANK VALUES('20e60e0175d4f44cd6f7947883ddd5d0','Kroka bank')
COMMIT
/*C3*/SET SCHEMA PUBLIC
DISCONNECT
drop table if exists public.bank cascade 
drop table if exists public.client cascade 
drop table if exists public.credit cascade 
drop table if exists public.credit_offer cascade 
drop table if exists public.payment_event cascade 
drop table if exists bank_client_list cascade 
drop table if exists bank_credit_list cascade 
drop table if exists credit_offer_payment_event_list cascade 
DISCONNECT
/*C34*/SET SCHEMA PUBLIC
DISCONNECT
/*C35*/SET SCHEMA PUBLIC
DISCONNECT
/*C36*/SET SCHEMA PUBLIC
DISCONNECT
/*C37*/SET SCHEMA PUBLIC
DISCONNECT
/*C38*/SET SCHEMA PUBLIC
DISCONNECT
/*C39*/SET SCHEMA PUBLIC
DISCONNECT
/*C40*/SET SCHEMA PUBLIC
DISCONNECT
/*C41*/SET SCHEMA PUBLIC
DISCONNECT
/*C42*/SET SCHEMA PUBLIC
DISCONNECT
/*C45*/SET SCHEMA PUBLIC
drop table if exists public.bank cascade 
drop table if exists public.client cascade 
drop table if exists public.credit cascade 
drop table if exists public.credit_offer cascade 
drop table if exists public.payment_event cascade 
drop table if exists bank_client_list cascade 
drop table if exists bank_credit_list cascade 
drop table if exists credit_offer_payment_event_list cascade 
create table public.bank (id binary(16) not null, title varchar(255), primary key (id))
create table public.client (id binary(16) not null, email varchar(255), first_name varchar(255), passportid varchar(255), phone_number varchar(255), second_name varchar(255), primary key (id))
create table public.credit (id binary(16) not null, interest_rate float(53) not null, limit float(53) not null, primary key (id))
create table public.credit_offer (id binary(16) not null, duration integer not null, payment_sum float(53) not null, client_id binary(16), credit_id binary(16), primary key (id))
create table public.payment_event (id binary(16) not null, credit_sum float(53) not null, interest_sum float(53) not null, local_date date, payment_sum float(53) not null, credit_offer_id binary(16), primary key (id))
alter table public.client add constraint UK_ik3p1fjgcdk0unb6w1y68ppp6 unique (passportid)
create table bank_client_list (bank_id binary(16) not null, client_list_id binary(16) not null)
create table bank_credit_list (bank_id binary(16) not null, credit_list_id binary(16) not null)
create table credit_offer_payment_event_list (credit_offer_id binary(16) not null, payment_event_list_id binary(16) not null)
alter table bank_client_list add constraint UK_q0jj5ght012wm0hdl7pyf1vwc unique (client_list_id)
alter table bank_credit_list add constraint UK_9dphuwtddf88ulic704y0w6u8 unique (credit_list_id)
alter table credit_offer_payment_event_list add constraint UK_da3akgxwrn4c60i64p888gtsq unique (payment_event_list_id)
alter table public.credit_offer add constraint FK9d0yha92vq76j1p83ftcymopy foreign key (client_id) references public.client
alter table public.credit_offer add constraint FKnvc9mqgyq6ptbumj35edcgf4i foreign key (credit_id) references public.credit
alter table public.payment_event add constraint FK5ghbi796cq03o4557ajpw7fla foreign key (credit_offer_id) references public.credit_offer
alter table bank_client_list add constraint FKj23thvlf5tk9oy0sf0808lyxy foreign key (client_list_id) references public.client
alter table bank_client_list add constraint FKp82wiv8s7eydnrgjvtb2ebhm2 foreign key (bank_id) references public.bank
alter table bank_credit_list add constraint FK7l817fym4xdngqvu8gpafw7aj foreign key (credit_list_id) references public.credit
alter table bank_credit_list add constraint FK7e7qqta7g8wdc4516nq22wkf1 foreign key (bank_id) references public.bank
alter table credit_offer_payment_event_list add constraint FK5frxbpxiki3kwqd6ryp6bd0k3 foreign key (payment_event_list_id) references public.payment_event
alter table credit_offer_payment_event_list add constraint FKbn1r3pc2xxs9vadwlsehy7sg1 foreign key (credit_offer_id) references public.credit_offer
INSERT INTO CLIENT VALUES('20e60e0175d4f44cd6f7947883ddd4d0','KorkWake@smarts.ru','Kork','9177856785','89587656778','Wake')
COMMIT
INSERT INTO CLIENT VALUES('20e60e0175d4f44cd6f7947883ddd4d1','Anatoliy@gmail.com','Anatoliy','9177856778','89678587656','Noriaki')
COMMIT
INSERT INTO CLIENT VALUES('20e60e0175d4f44cd6f7947883ddd4d2','pro100Noriaki@mail.ru','Tolik','9177787856','89876585678','Kishibe')
COMMIT
INSERT INTO CREDIT VALUES('20e60e0175d4f44cd6f7947883ddd5a1',5.0E0,50000.0E0)
COMMIT
INSERT INTO CREDIT VALUES('20e60e0175d4f44cd6f7947883ddd5a2',12.0E0,20000.0E0)
COMMIT
INSERT INTO BANK VALUES('20e60e0175d4f44cd6f7947883ddd5d0','Krok bank')
COMMIT
INSERT INTO BANK VALUES('20e60e0175d4f44cd6f7947883ddd5d1','SberBank')
COMMIT
INSERT INTO BANK_CLIENT_LIST VALUES('20e60e0175d4f44cd6f7947883ddd5d0','20e60e0175d4f44cd6f7947883ddd4d0')
COMMIT
INSERT INTO BANK_CLIENT_LIST VALUES('20e60e0175d4f44cd6f7947883ddd5d0','20e60e0175d4f44cd6f7947883ddd4d1')
COMMIT
INSERT INTO BANK_CREDIT_LIST VALUES('20e60e0175d4f44cd6f7947883ddd5d0','20e60e0175d4f44cd6f7947883ddd5a1')
COMMIT
INSERT INTO BANK_CLIENT_LIST VALUES('20e60e0175d4f44cd6f7947883ddd5d1','20e60e0175d4f44cd6f7947883ddd4d2')
COMMIT
INSERT INTO BANK_CREDIT_LIST VALUES('20e60e0175d4f44cd6f7947883ddd5d1','20e60e0175d4f44cd6f7947883ddd5a2')
COMMIT
drop table if exists public.bank cascade 
drop table if exists public.client cascade 
drop table if exists public.credit cascade 
drop table if exists public.credit_offer cascade 
drop table if exists public.payment_event cascade 
drop table if exists bank_client_list cascade 
drop table if exists bank_credit_list cascade 
drop table if exists credit_offer_payment_event_list cascade 
DISCONNECT
/*C46*/SET SCHEMA PUBLIC
DISCONNECT
/*C47*/SET SCHEMA PUBLIC
DISCONNECT
/*C48*/SET SCHEMA PUBLIC
DISCONNECT
/*C49*/SET SCHEMA PUBLIC
DISCONNECT
/*C50*/SET SCHEMA PUBLIC
DISCONNECT
/*C51*/SET SCHEMA PUBLIC
DISCONNECT
/*C52*/SET SCHEMA PUBLIC
DISCONNECT
/*C53*/SET SCHEMA PUBLIC
DISCONNECT
/*C54*/SET SCHEMA PUBLIC
DISCONNECT
/*C55*/SET SCHEMA PUBLIC
drop table if exists public.bank cascade 
drop table if exists public.client cascade 
drop table if exists public.credit cascade 
drop table if exists public.credit_offer cascade 
drop table if exists public.payment_event cascade 
drop table if exists bank_client_list cascade 
drop table if exists bank_credit_list cascade 
drop table if exists credit_offer_payment_event_list cascade 
create table public.bank (id binary(16) not null, title varchar(255), primary key (id))
create table public.client (id binary(16) not null, email varchar(255), first_name varchar(255), passportid varchar(255), phone_number varchar(255), second_name varchar(255), primary key (id))
create table public.credit (id binary(16) not null, interest_rate float(53) not null, limit float(53) not null, primary key (id))
create table public.credit_offer (id binary(16) not null, duration integer not null, payment_sum float(53) not null, client_id binary(16), credit_id binary(16), primary key (id))
create table public.payment_event (id binary(16) not null, credit_sum float(53) not null, interest_sum float(53) not null, local_date date, payment_sum float(53) not null, credit_offer_id binary(16), primary key (id))
alter table public.client add constraint UK_ik3p1fjgcdk0unb6w1y68ppp6 unique (passportid)
create table bank_client_list (bank_id binary(16) not null, client_list_id binary(16) not null)
create table bank_credit_list (bank_id binary(16) not null, credit_list_id binary(16) not null)
create table credit_offer_payment_event_list (credit_offer_id binary(16) not null, payment_event_list_id binary(16) not null)
alter table bank_client_list add constraint UK_q0jj5ght012wm0hdl7pyf1vwc unique (client_list_id)
alter table bank_credit_list add constraint UK_9dphuwtddf88ulic704y0w6u8 unique (credit_list_id)
alter table credit_offer_payment_event_list add constraint UK_da3akgxwrn4c60i64p888gtsq unique (payment_event_list_id)
alter table public.credit_offer add constraint FK9d0yha92vq76j1p83ftcymopy foreign key (client_id) references public.client
alter table public.credit_offer add constraint FKnvc9mqgyq6ptbumj35edcgf4i foreign key (credit_id) references public.credit
alter table public.payment_event add constraint FK5ghbi796cq03o4557ajpw7fla foreign key (credit_offer_id) references public.credit_offer
alter table bank_client_list add constraint FKj23thvlf5tk9oy0sf0808lyxy foreign key (client_list_id) references public.client
alter table bank_client_list add constraint FKp82wiv8s7eydnrgjvtb2ebhm2 foreign key (bank_id) references public.bank
alter table bank_credit_list add constraint FK7l817fym4xdngqvu8gpafw7aj foreign key (credit_list_id) references public.credit
alter table bank_credit_list add constraint FK7e7qqta7g8wdc4516nq22wkf1 foreign key (bank_id) references public.bank
alter table credit_offer_payment_event_list add constraint FK5frxbpxiki3kwqd6ryp6bd0k3 foreign key (payment_event_list_id) references public.payment_event
alter table credit_offer_payment_event_list add constraint FKbn1r3pc2xxs9vadwlsehy7sg1 foreign key (credit_offer_id) references public.credit_offer
INSERT INTO CLIENT VALUES('20e60e0175d4f44cd6f7947883ddd4d0','KorkWake@smarts.ru','Kork','9177856785','89587656778','Wake')
COMMIT
INSERT INTO CLIENT VALUES('20e60e0175d4f44cd6f7947883ddd4d1','Anatoliy@gmail.com','Anatoliy','9177856778','89678587656','Noriaki')
COMMIT
INSERT INTO CLIENT VALUES('20e60e0175d4f44cd6f7947883ddd4d2','pro100Noriaki@mail.ru','Tolik','9177787856','89876585678','Kishibe')
COMMIT
INSERT INTO CREDIT VALUES('20e60e0175d4f44cd6f7947883ddd5a1',5.0E0,50000.0E0)
COMMIT
INSERT INTO CREDIT VALUES('20e60e0175d4f44cd6f7947883ddd5a2',12.0E0,20000.0E0)
COMMIT
INSERT INTO BANK VALUES('20e60e0175d4f44cd6f7947883ddd5d0','Krok bank')
COMMIT
INSERT INTO BANK VALUES('20e60e0175d4f44cd6f7947883ddd5d1','SberBank')
COMMIT
INSERT INTO BANK_CLIENT_LIST VALUES('20e60e0175d4f44cd6f7947883ddd5d0','20e60e0175d4f44cd6f7947883ddd4d0')
COMMIT
INSERT INTO BANK_CLIENT_LIST VALUES('20e60e0175d4f44cd6f7947883ddd5d0','20e60e0175d4f44cd6f7947883ddd4d1')
COMMIT
INSERT INTO BANK_CREDIT_LIST VALUES('20e60e0175d4f44cd6f7947883ddd5d0','20e60e0175d4f44cd6f7947883ddd5a1')
COMMIT
INSERT INTO BANK_CLIENT_LIST VALUES('20e60e0175d4f44cd6f7947883ddd5d1','20e60e0175d4f44cd6f7947883ddd4d2')
COMMIT
INSERT INTO BANK_CREDIT_LIST VALUES('20e60e0175d4f44cd6f7947883ddd5d1','20e60e0175d4f44cd6f7947883ddd5a2')
COMMIT
drop table if exists public.bank cascade 
drop table if exists public.client cascade 
drop table if exists public.credit cascade 
drop table if exists public.credit_offer cascade 
drop table if exists public.payment_event cascade 
drop table if exists bank_client_list cascade 
drop table if exists bank_credit_list cascade 
drop table if exists credit_offer_payment_event_list cascade 
DISCONNECT
/*C56*/SET SCHEMA PUBLIC
DISCONNECT
/*C57*/SET SCHEMA PUBLIC
DISCONNECT
/*C58*/SET SCHEMA PUBLIC
DISCONNECT
/*C59*/SET SCHEMA PUBLIC
DISCONNECT
/*C60*/SET SCHEMA PUBLIC
DISCONNECT
/*C61*/SET SCHEMA PUBLIC
DISCONNECT
/*C62*/SET SCHEMA PUBLIC
DISCONNECT
/*C63*/SET SCHEMA PUBLIC
DISCONNECT
/*C64*/SET SCHEMA PUBLIC
DISCONNECT
/*C65*/SET SCHEMA PUBLIC
drop table if exists public.bank cascade 
drop table if exists public.client cascade 
drop table if exists public.credit cascade 
drop table if exists public.credit_offer cascade 
drop table if exists public.payment_event cascade 
drop table if exists bank_client_list cascade 
drop table if exists bank_credit_list cascade 
drop table if exists credit_offer_payment_event_list cascade 
create table public.bank (id binary(16) not null, title varchar(255), primary key (id))
create table public.client (id binary(16) not null, email varchar(255), first_name varchar(255), passportid varchar(255), phone_number varchar(255), second_name varchar(255), primary key (id))
create table public.credit (id binary(16) not null, interest_rate float(53) not null, limit float(53) not null, primary key (id))
create table public.credit_offer (id binary(16) not null, duration integer not null, payment_sum float(53) not null, client_id binary(16), credit_id binary(16), primary key (id))
create table public.payment_event (id binary(16) not null, credit_sum float(53) not null, interest_sum float(53) not null, local_date date, payment_sum float(53) not null, credit_offer_id binary(16), primary key (id))
alter table public.client add constraint UK_ik3p1fjgcdk0unb6w1y68ppp6 unique (passportid)
create table bank_client_list (bank_id binary(16) not null, client_list_id binary(16) not null)
create table bank_credit_list (bank_id binary(16) not null, credit_list_id binary(16) not null)
create table credit_offer_payment_event_list (credit_offer_id binary(16) not null, payment_event_list_id binary(16) not null)
alter table bank_client_list add constraint UK_q0jj5ght012wm0hdl7pyf1vwc unique (client_list_id)
alter table bank_credit_list add constraint UK_9dphuwtddf88ulic704y0w6u8 unique (credit_list_id)
alter table credit_offer_payment_event_list add constraint UK_da3akgxwrn4c60i64p888gtsq unique (payment_event_list_id)
alter table public.credit_offer add constraint FK9d0yha92vq76j1p83ftcymopy foreign key (client_id) references public.client
alter table public.credit_offer add constraint FKnvc9mqgyq6ptbumj35edcgf4i foreign key (credit_id) references public.credit
alter table public.payment_event add constraint FK5ghbi796cq03o4557ajpw7fla foreign key (credit_offer_id) references public.credit_offer
alter table bank_client_list add constraint FKj23thvlf5tk9oy0sf0808lyxy foreign key (client_list_id) references public.client
alter table bank_client_list add constraint FKp82wiv8s7eydnrgjvtb2ebhm2 foreign key (bank_id) references public.bank
alter table bank_credit_list add constraint FK7l817fym4xdngqvu8gpafw7aj foreign key (credit_list_id) references public.credit
alter table bank_credit_list add constraint FK7e7qqta7g8wdc4516nq22wkf1 foreign key (bank_id) references public.bank
alter table credit_offer_payment_event_list add constraint FK5frxbpxiki3kwqd6ryp6bd0k3 foreign key (payment_event_list_id) references public.payment_event
alter table credit_offer_payment_event_list add constraint FKbn1r3pc2xxs9vadwlsehy7sg1 foreign key (credit_offer_id) references public.credit_offer
INSERT INTO CLIENT VALUES('20e60e0175d4f44cd6f7947883ddd4d0','KorkWake@smarts.ru','Kork','9177856785','89587656778','Wake')
COMMIT
INSERT INTO CLIENT VALUES('20e60e0175d4f44cd6f7947883ddd4d1','Anatoliy@gmail.com','Anatoliy','9177856778','89678587656','Noriaki')
COMMIT
INSERT INTO CLIENT VALUES('20e60e0175d4f44cd6f7947883ddd4d2','pro100Noriaki@mail.ru','Tolik','9177787856','89876585678','Kishibe')
COMMIT
INSERT INTO CREDIT VALUES('20e60e0175d4f44cd6f7947883ddd5a1',5.0E0,50000.0E0)
COMMIT
INSERT INTO CREDIT VALUES('20e60e0175d4f44cd6f7947883ddd5a2',12.0E0,20000.0E0)
COMMIT
INSERT INTO BANK VALUES('20e60e0175d4f44cd6f7947883ddd5d0','Krok bank')
COMMIT
INSERT INTO BANK VALUES('20e60e0175d4f44cd6f7947883ddd5d1','SberBank')
COMMIT
INSERT INTO BANK_CLIENT_LIST VALUES('20e60e0175d4f44cd6f7947883ddd5d0','20e60e0175d4f44cd6f7947883ddd4d0')
COMMIT
INSERT INTO BANK_CLIENT_LIST VALUES('20e60e0175d4f44cd6f7947883ddd5d0','20e60e0175d4f44cd6f7947883ddd4d1')
COMMIT
INSERT INTO BANK_CREDIT_LIST VALUES('20e60e0175d4f44cd6f7947883ddd5d0','20e60e0175d4f44cd6f7947883ddd5a1')
COMMIT
INSERT INTO BANK_CLIENT_LIST VALUES('20e60e0175d4f44cd6f7947883ddd5d1','20e60e0175d4f44cd6f7947883ddd4d2')
COMMIT
INSERT INTO BANK_CREDIT_LIST VALUES('20e60e0175d4f44cd6f7947883ddd5d1','20e60e0175d4f44cd6f7947883ddd5a2')
COMMIT
drop table if exists public.bank cascade 
drop table if exists public.client cascade 
drop table if exists public.credit cascade 
drop table if exists public.credit_offer cascade 
drop table if exists public.payment_event cascade 
drop table if exists bank_client_list cascade 
drop table if exists bank_credit_list cascade 
drop table if exists credit_offer_payment_event_list cascade 
DISCONNECT
/*C66*/SET SCHEMA PUBLIC
DISCONNECT
/*C67*/SET SCHEMA PUBLIC
DISCONNECT
/*C68*/SET SCHEMA PUBLIC
DISCONNECT
/*C69*/SET SCHEMA PUBLIC
DISCONNECT
/*C70*/SET SCHEMA PUBLIC
DISCONNECT
/*C71*/SET SCHEMA PUBLIC
DISCONNECT
/*C72*/SET SCHEMA PUBLIC
DISCONNECT
/*C73*/SET SCHEMA PUBLIC
DISCONNECT
/*C74*/SET SCHEMA PUBLIC
DISCONNECT
/*C75*/SET SCHEMA PUBLIC
drop table if exists public.bank cascade 
drop table if exists public.client cascade 
drop table if exists public.credit cascade 
drop table if exists public.credit_offer cascade 
drop table if exists public.payment_event cascade 
drop table if exists bank_client_list cascade 
drop table if exists bank_credit_list cascade 
drop table if exists credit_offer_payment_event_list cascade 
create table public.bank (id binary(16) not null, title varchar(255), primary key (id))
create table public.client (id binary(16) not null, email varchar(255), first_name varchar(255), passportid varchar(255), phone_number varchar(255), second_name varchar(255), primary key (id))
create table public.credit (id binary(16) not null, interest_rate float(53) not null, limit float(53) not null, primary key (id))
create table public.credit_offer (id binary(16) not null, duration integer not null, payment_sum float(53) not null, client_id binary(16), credit_id binary(16), primary key (id))
create table public.payment_event (id binary(16) not null, credit_sum float(53) not null, interest_sum float(53) not null, local_date date, payment_sum float(53) not null, credit_offer_id binary(16), primary key (id))
alter table public.client add constraint UK_ik3p1fjgcdk0unb6w1y68ppp6 unique (passportid)
create table bank_client_list (bank_id binary(16) not null, client_list_id binary(16) not null)
create table bank_credit_list (bank_id binary(16) not null, credit_list_id binary(16) not null)
create table credit_offer_payment_event_list (credit_offer_id binary(16) not null, payment_event_list_id binary(16) not null)
alter table bank_client_list add constraint UK_q0jj5ght012wm0hdl7pyf1vwc unique (client_list_id)
alter table bank_credit_list add constraint UK_9dphuwtddf88ulic704y0w6u8 unique (credit_list_id)
alter table credit_offer_payment_event_list add constraint UK_da3akgxwrn4c60i64p888gtsq unique (payment_event_list_id)
alter table public.credit_offer add constraint FK9d0yha92vq76j1p83ftcymopy foreign key (client_id) references public.client
alter table public.credit_offer add constraint FKnvc9mqgyq6ptbumj35edcgf4i foreign key (credit_id) references public.credit
alter table public.payment_event add constraint FK5ghbi796cq03o4557ajpw7fla foreign key (credit_offer_id) references public.credit_offer
alter table bank_client_list add constraint FKj23thvlf5tk9oy0sf0808lyxy foreign key (client_list_id) references public.client
alter table bank_client_list add constraint FKp82wiv8s7eydnrgjvtb2ebhm2 foreign key (bank_id) references public.bank
alter table bank_credit_list add constraint FK7l817fym4xdngqvu8gpafw7aj foreign key (credit_list_id) references public.credit
alter table bank_credit_list add constraint FK7e7qqta7g8wdc4516nq22wkf1 foreign key (bank_id) references public.bank
alter table credit_offer_payment_event_list add constraint FK5frxbpxiki3kwqd6ryp6bd0k3 foreign key (payment_event_list_id) references public.payment_event
alter table credit_offer_payment_event_list add constraint FKbn1r3pc2xxs9vadwlsehy7sg1 foreign key (credit_offer_id) references public.credit_offer
INSERT INTO CLIENT VALUES('20e60e0175d4f44cd6f7947883ddd4d0','KorkWake@smarts.ru','Kork','9177856785','89587656778','Wake')
COMMIT
INSERT INTO CLIENT VALUES('20e60e0175d4f44cd6f7947883ddd4d1','Anatoliy@gmail.com','Anatoliy','9177856778','89678587656','Noriaki')
COMMIT
INSERT INTO CLIENT VALUES('20e60e0175d4f44cd6f7947883ddd4d2','pro100Noriaki@mail.ru','Tolik','9177787856','89876585678','Kishibe')
COMMIT
INSERT INTO CREDIT VALUES('20e60e0175d4f44cd6f7947883ddd5a1',5.0E0,50000.0E0)
COMMIT
INSERT INTO CREDIT VALUES('20e60e0175d4f44cd6f7947883ddd5a2',12.0E0,20000.0E0)
COMMIT
INSERT INTO BANK VALUES('20e60e0175d4f44cd6f7947883ddd5d0','Krok bank')
COMMIT
INSERT INTO BANK VALUES('20e60e0175d4f44cd6f7947883ddd5d1','SberBank')
COMMIT
INSERT INTO BANK_CLIENT_LIST VALUES('20e60e0175d4f44cd6f7947883ddd5d0','20e60e0175d4f44cd6f7947883ddd4d0')
COMMIT
INSERT INTO BANK_CLIENT_LIST VALUES('20e60e0175d4f44cd6f7947883ddd5d0','20e60e0175d4f44cd6f7947883ddd4d1')
COMMIT
INSERT INTO BANK_CREDIT_LIST VALUES('20e60e0175d4f44cd6f7947883ddd5d0','20e60e0175d4f44cd6f7947883ddd5a1')
COMMIT
INSERT INTO BANK_CLIENT_LIST VALUES('20e60e0175d4f44cd6f7947883ddd5d1','20e60e0175d4f44cd6f7947883ddd4d2')
COMMIT
INSERT INTO BANK_CREDIT_LIST VALUES('20e60e0175d4f44cd6f7947883ddd5d1','20e60e0175d4f44cd6f7947883ddd5a2')
COMMIT
INSERT INTO CLIENT VALUES('353ec050d83f42d6928ccabcec22cde6','KorkWake@smarts.ru','Kork','9177856756','89587656756','Wake')
COMMIT
DELETE FROM BANK_CLIENT_LIST WHERE BANK_ID='20e60e0175d4f44cd6f7947883ddd5d0' AND CLIENT_LIST_ID='20e60e0175d4f44cd6f7947883ddd4d0'
DELETE FROM BANK_CLIENT_LIST WHERE BANK_ID='20e60e0175d4f44cd6f7947883ddd5d0' AND CLIENT_LIST_ID='20e60e0175d4f44cd6f7947883ddd4d1'
INSERT INTO BANK_CLIENT_LIST VALUES('20e60e0175d4f44cd6f7947883ddd5d0','20e60e0175d4f44cd6f7947883ddd4d0')
INSERT INTO BANK_CLIENT_LIST VALUES('20e60e0175d4f44cd6f7947883ddd5d0','20e60e0175d4f44cd6f7947883ddd4d1')
INSERT INTO BANK_CLIENT_LIST VALUES('20e60e0175d4f44cd6f7947883ddd5d0','353ec050d83f42d6928ccabcec22cde6')
COMMIT
INSERT INTO CREDIT VALUES('a7f166250cf04747812e8744217ca8ed',5.0E0,7878.0E0)
COMMIT
DELETE FROM BANK_CREDIT_LIST WHERE BANK_ID='20e60e0175d4f44cd6f7947883ddd5d1' AND CREDIT_LIST_ID='20e60e0175d4f44cd6f7947883ddd5a2'
INSERT INTO BANK_CREDIT_LIST VALUES('20e60e0175d4f44cd6f7947883ddd5d1','20e60e0175d4f44cd6f7947883ddd5a2')
INSERT INTO BANK_CREDIT_LIST VALUES('20e60e0175d4f44cd6f7947883ddd5d1','a7f166250cf04747812e8744217ca8ed')
COMMIT
drop table if exists public.bank cascade 
drop table if exists public.client cascade 
drop table if exists public.credit cascade 
drop table if exists public.credit_offer cascade 
drop table if exists public.payment_event cascade 
drop table if exists bank_client_list cascade 
drop table if exists bank_credit_list cascade 
drop table if exists credit_offer_payment_event_list cascade 
DISCONNECT
/*C76*/SET SCHEMA PUBLIC
DISCONNECT
/*C77*/SET SCHEMA PUBLIC
DISCONNECT
/*C78*/SET SCHEMA PUBLIC
DISCONNECT
/*C79*/SET SCHEMA PUBLIC
DISCONNECT
/*C80*/SET SCHEMA PUBLIC
DISCONNECT
/*C81*/SET SCHEMA PUBLIC
DISCONNECT
/*C82*/SET SCHEMA PUBLIC
DISCONNECT
/*C83*/SET SCHEMA PUBLIC
DISCONNECT
/*C84*/SET SCHEMA PUBLIC
DISCONNECT
/*C85*/SET SCHEMA PUBLIC
drop table if exists public.bank cascade 
drop table if exists public.client cascade 
drop table if exists public.credit cascade 
drop table if exists public.credit_offer cascade 
drop table if exists public.payment_event cascade 
drop table if exists bank_client_list cascade 
drop table if exists bank_credit_list cascade 
drop table if exists credit_offer_payment_event_list cascade 
create table public.bank (id binary(16) not null, title varchar(255), primary key (id))
create table public.client (id binary(16) not null, email varchar(255), first_name varchar(255), passportid varchar(255), phone_number varchar(255), second_name varchar(255), primary key (id))
create table public.credit (id binary(16) not null, interest_rate float(53) not null, limit float(53) not null, primary key (id))
create table public.credit_offer (id binary(16) not null, duration integer not null, payment_sum float(53) not null, client_id binary(16), credit_id binary(16), primary key (id))
create table public.payment_event (id binary(16) not null, credit_sum float(53) not null, interest_sum float(53) not null, local_date date, payment_sum float(53) not null, credit_offer_id binary(16), primary key (id))
alter table public.client add constraint UK_ik3p1fjgcdk0unb6w1y68ppp6 unique (passportid)
create table bank_client_list (bank_id binary(16) not null, client_list_id binary(16) not null)
create table bank_credit_list (bank_id binary(16) not null, credit_list_id binary(16) not null)
create table credit_offer_payment_event_list (credit_offer_id binary(16) not null, payment_event_list_id binary(16) not null)
alter table bank_client_list add constraint UK_q0jj5ght012wm0hdl7pyf1vwc unique (client_list_id)
alter table bank_credit_list add constraint UK_9dphuwtddf88ulic704y0w6u8 unique (credit_list_id)
alter table credit_offer_payment_event_list add constraint UK_da3akgxwrn4c60i64p888gtsq unique (payment_event_list_id)
alter table public.credit_offer add constraint FK9d0yha92vq76j1p83ftcymopy foreign key (client_id) references public.client
alter table public.credit_offer add constraint FKnvc9mqgyq6ptbumj35edcgf4i foreign key (credit_id) references public.credit
alter table public.payment_event add constraint FK5ghbi796cq03o4557ajpw7fla foreign key (credit_offer_id) references public.credit_offer
alter table bank_client_list add constraint FKj23thvlf5tk9oy0sf0808lyxy foreign key (client_list_id) references public.client
alter table bank_client_list add constraint FKp82wiv8s7eydnrgjvtb2ebhm2 foreign key (bank_id) references public.bank
alter table bank_credit_list add constraint FK7l817fym4xdngqvu8gpafw7aj foreign key (credit_list_id) references public.credit
alter table bank_credit_list add constraint FK7e7qqta7g8wdc4516nq22wkf1 foreign key (bank_id) references public.bank
alter table credit_offer_payment_event_list add constraint FK5frxbpxiki3kwqd6ryp6bd0k3 foreign key (payment_event_list_id) references public.payment_event
alter table credit_offer_payment_event_list add constraint FKbn1r3pc2xxs9vadwlsehy7sg1 foreign key (credit_offer_id) references public.credit_offer
INSERT INTO CLIENT VALUES('20e60e0175d4f44cd6f7947883ddd4d0','KorkWake@smarts.ru','Kork','9177856785','89587656778','Wake')
COMMIT
INSERT INTO CLIENT VALUES('20e60e0175d4f44cd6f7947883ddd4d1','Anatoliy@gmail.com','Anatoliy','9177856778','89678587656','Noriaki')
COMMIT
INSERT INTO CLIENT VALUES('20e60e0175d4f44cd6f7947883ddd4d2','pro100Noriaki@mail.ru','Tolik','9177787856','89876585678','Kishibe')
COMMIT
INSERT INTO CREDIT VALUES('20e60e0175d4f44cd6f7947883ddd5a1',5.0E0,50000.0E0)
COMMIT
INSERT INTO CREDIT VALUES('20e60e0175d4f44cd6f7947883ddd5a2',12.0E0,20000.0E0)
COMMIT
INSERT INTO BANK VALUES('20e60e0175d4f44cd6f7947883ddd5d0','Krok bank')
COMMIT
INSERT INTO BANK VALUES('20e60e0175d4f44cd6f7947883ddd5d1','SberBank')
COMMIT
INSERT INTO BANK_CLIENT_LIST VALUES('20e60e0175d4f44cd6f7947883ddd5d0','20e60e0175d4f44cd6f7947883ddd4d0')
COMMIT
INSERT INTO BANK_CLIENT_LIST VALUES('20e60e0175d4f44cd6f7947883ddd5d0','20e60e0175d4f44cd6f7947883ddd4d1')
COMMIT
INSERT INTO BANK_CREDIT_LIST VALUES('20e60e0175d4f44cd6f7947883ddd5d0','20e60e0175d4f44cd6f7947883ddd5a1')
COMMIT
INSERT INTO BANK_CLIENT_LIST VALUES('20e60e0175d4f44cd6f7947883ddd5d1','20e60e0175d4f44cd6f7947883ddd4d2')
COMMIT
INSERT INTO BANK_CREDIT_LIST VALUES('20e60e0175d4f44cd6f7947883ddd5d1','20e60e0175d4f44cd6f7947883ddd5a2')
COMMIT
INSERT INTO PAYMENT_EVENT VALUES('99863480c92e45dcae8977a46386ecfd',460.32E0,23.88E0,'2023-10-14',484.2E0,NULL)
INSERT INTO PAYMENT_EVENT VALUES('a781ff0a8bdf47349541a19d7608c8db',462.31E0,21.89E0,'2023-11-14',484.2E0,NULL)
INSERT INTO PAYMENT_EVENT VALUES('83ac27f397ae4eefb9e4e9e6c7355f1c',464.3E0,19.9E0,'2023-12-14',484.2E0,NULL)
INSERT INTO PAYMENT_EVENT VALUES('12ab5daf45b14fe8b4c2bfbb9196444f',466.29E0,17.91E0,'2024-01-14',484.2E0,NULL)
INSERT INTO PAYMENT_EVENT VALUES('fe0b735f95f041dbb6a663edb5300e79',468.28E0,15.92E0,'2024-02-14',484.2E0,NULL)
INSERT INTO PAYMENT_EVENT VALUES('edb1f2a14a3e44e5b39eab4c2cb0f08f',470.27E0,13.93E0,'2024-03-14',484.2E0,NULL)
INSERT INTO PAYMENT_EVENT VALUES('3913c54370a145079641120d1a145c58',472.26E0,11.94E0,'2024-04-14',484.2E0,NULL)
INSERT INTO PAYMENT_EVENT VALUES('9dcc3cf5e952498e917887bffa5143a3',474.25E0,9.95E0,'2024-05-14',484.2E0,NULL)
INSERT INTO PAYMENT_EVENT VALUES('59e5936320e14797b043679790ca19f7',476.24E0,7.96E0,'2024-06-14',484.2E0,NULL)
INSERT INTO PAYMENT_EVENT VALUES('036c12f1021546fea01b35f57b160cb2',478.23E0,5.97E0,'2024-07-14',484.2E0,NULL)
INSERT INTO PAYMENT_EVENT VALUES('9aaeb4f9032f45078847f000c3331c7a',480.22E0,3.98E0,'2024-08-14',484.2E0,NULL)
INSERT INTO PAYMENT_EVENT VALUES('6fd38d18266e48c99ca1d285280c33e1',482.21E0,1.99E0,'2024-09-14',484.2E0,NULL)
INSERT INTO CREDIT_OFFER VALUES('6ed28fdb995843f982fafae74a60d8ef',12,5656.0E0,'20e60e0175d4f44cd6f7947883ddd4d0','20e60e0175d4f44cd6f7947883ddd5a1')
DELETE FROM PAYMENT_EVENT WHERE ID='99863480c92e45dcae8977a46386ecfd'
INSERT INTO PAYMENT_EVENT VALUES('99863480c92e45dcae8977a46386ecfd',460.32E0,23.88E0,'2023-10-14',484.2E0,'6ed28fdb995843f982fafae74a60d8ef')
DELETE FROM PAYMENT_EVENT WHERE ID='a781ff0a8bdf47349541a19d7608c8db'
INSERT INTO PAYMENT_EVENT VALUES('a781ff0a8bdf47349541a19d7608c8db',462.31E0,21.89E0,'2023-11-14',484.2E0,'6ed28fdb995843f982fafae74a60d8ef')
DELETE FROM PAYMENT_EVENT WHERE ID='83ac27f397ae4eefb9e4e9e6c7355f1c'
INSERT INTO PAYMENT_EVENT VALUES('83ac27f397ae4eefb9e4e9e6c7355f1c',464.3E0,19.9E0,'2023-12-14',484.2E0,'6ed28fdb995843f982fafae74a60d8ef')
DELETE FROM PAYMENT_EVENT WHERE ID='12ab5daf45b14fe8b4c2bfbb9196444f'
INSERT INTO PAYMENT_EVENT VALUES('12ab5daf45b14fe8b4c2bfbb9196444f',466.29E0,17.91E0,'2024-01-14',484.2E0,'6ed28fdb995843f982fafae74a60d8ef')
DELETE FROM PAYMENT_EVENT WHERE ID='fe0b735f95f041dbb6a663edb5300e79'
INSERT INTO PAYMENT_EVENT VALUES('fe0b735f95f041dbb6a663edb5300e79',468.28E0,15.92E0,'2024-02-14',484.2E0,'6ed28fdb995843f982fafae74a60d8ef')
DELETE FROM PAYMENT_EVENT WHERE ID='edb1f2a14a3e44e5b39eab4c2cb0f08f'
INSERT INTO PAYMENT_EVENT VALUES('edb1f2a14a3e44e5b39eab4c2cb0f08f',470.27E0,13.93E0,'2024-03-14',484.2E0,'6ed28fdb995843f982fafae74a60d8ef')
DELETE FROM PAYMENT_EVENT WHERE ID='3913c54370a145079641120d1a145c58'
INSERT INTO PAYMENT_EVENT VALUES('3913c54370a145079641120d1a145c58',472.26E0,11.94E0,'2024-04-14',484.2E0,'6ed28fdb995843f982fafae74a60d8ef')
DELETE FROM PAYMENT_EVENT WHERE ID='9dcc3cf5e952498e917887bffa5143a3'
INSERT INTO PAYMENT_EVENT VALUES('9dcc3cf5e952498e917887bffa5143a3',474.25E0,9.95E0,'2024-05-14',484.2E0,'6ed28fdb995843f982fafae74a60d8ef')
DELETE FROM PAYMENT_EVENT WHERE ID='59e5936320e14797b043679790ca19f7'
INSERT INTO PAYMENT_EVENT VALUES('59e5936320e14797b043679790ca19f7',476.24E0,7.96E0,'2024-06-14',484.2E0,'6ed28fdb995843f982fafae74a60d8ef')
DELETE FROM PAYMENT_EVENT WHERE ID='036c12f1021546fea01b35f57b160cb2'
INSERT INTO PAYMENT_EVENT VALUES('036c12f1021546fea01b35f57b160cb2',478.23E0,5.97E0,'2024-07-14',484.2E0,'6ed28fdb995843f982fafae74a60d8ef')
DELETE FROM PAYMENT_EVENT WHERE ID='9aaeb4f9032f45078847f000c3331c7a'
INSERT INTO PAYMENT_EVENT VALUES('9aaeb4f9032f45078847f000c3331c7a',480.22E0,3.98E0,'2024-08-14',484.2E0,'6ed28fdb995843f982fafae74a60d8ef')
DELETE FROM PAYMENT_EVENT WHERE ID='6fd38d18266e48c99ca1d285280c33e1'
INSERT INTO PAYMENT_EVENT VALUES('6fd38d18266e48c99ca1d285280c33e1',482.21E0,1.99E0,'2024-09-14',484.2E0,'6ed28fdb995843f982fafae74a60d8ef')
INSERT INTO CREDIT_OFFER_PAYMENT_EVENT_LIST VALUES('6ed28fdb995843f982fafae74a60d8ef','99863480c92e45dcae8977a46386ecfd')
INSERT INTO CREDIT_OFFER_PAYMENT_EVENT_LIST VALUES('6ed28fdb995843f982fafae74a60d8ef','a781ff0a8bdf47349541a19d7608c8db')
INSERT INTO CREDIT_OFFER_PAYMENT_EVENT_LIST VALUES('6ed28fdb995843f982fafae74a60d8ef','83ac27f397ae4eefb9e4e9e6c7355f1c')
INSERT INTO CREDIT_OFFER_PAYMENT_EVENT_LIST VALUES('6ed28fdb995843f982fafae74a60d8ef','12ab5daf45b14fe8b4c2bfbb9196444f')
INSERT INTO CREDIT_OFFER_PAYMENT_EVENT_LIST VALUES('6ed28fdb995843f982fafae74a60d8ef','fe0b735f95f041dbb6a663edb5300e79')
INSERT INTO CREDIT_OFFER_PAYMENT_EVENT_LIST VALUES('6ed28fdb995843f982fafae74a60d8ef','edb1f2a14a3e44e5b39eab4c2cb0f08f')
INSERT INTO CREDIT_OFFER_PAYMENT_EVENT_LIST VALUES('6ed28fdb995843f982fafae74a60d8ef','3913c54370a145079641120d1a145c58')
INSERT INTO CREDIT_OFFER_PAYMENT_EVENT_LIST VALUES('6ed28fdb995843f982fafae74a60d8ef','9dcc3cf5e952498e917887bffa5143a3')
INSERT INTO CREDIT_OFFER_PAYMENT_EVENT_LIST VALUES('6ed28fdb995843f982fafae74a60d8ef','59e5936320e14797b043679790ca19f7')
INSERT INTO CREDIT_OFFER_PAYMENT_EVENT_LIST VALUES('6ed28fdb995843f982fafae74a60d8ef','036c12f1021546fea01b35f57b160cb2')
INSERT INTO CREDIT_OFFER_PAYMENT_EVENT_LIST VALUES('6ed28fdb995843f982fafae74a60d8ef','9aaeb4f9032f45078847f000c3331c7a')
INSERT INTO CREDIT_OFFER_PAYMENT_EVENT_LIST VALUES('6ed28fdb995843f982fafae74a60d8ef','6fd38d18266e48c99ca1d285280c33e1')
COMMIT
DELETE FROM BANK_CREDIT_LIST WHERE BANK_ID='20e60e0175d4f44cd6f7947883ddd5d1' AND CREDIT_LIST_ID='20e60e0175d4f44cd6f7947883ddd5a2'
DELETE FROM CREDIT WHERE ID='20e60e0175d4f44cd6f7947883ddd5a2'
COMMIT
DELETE FROM CREDIT_OFFER_PAYMENT_EVENT_LIST WHERE CREDIT_OFFER_ID='6ed28fdb995843f982fafae74a60d8ef' AND PAYMENT_EVENT_LIST_ID='99863480c92e45dcae8977a46386ecfd'
DELETE FROM CREDIT_OFFER_PAYMENT_EVENT_LIST WHERE CREDIT_OFFER_ID='6ed28fdb995843f982fafae74a60d8ef' AND PAYMENT_EVENT_LIST_ID='a781ff0a8bdf47349541a19d7608c8db'
DELETE FROM CREDIT_OFFER_PAYMENT_EVENT_LIST WHERE CREDIT_OFFER_ID='6ed28fdb995843f982fafae74a60d8ef' AND PAYMENT_EVENT_LIST_ID='83ac27f397ae4eefb9e4e9e6c7355f1c'
DELETE FROM CREDIT_OFFER_PAYMENT_EVENT_LIST WHERE CREDIT_OFFER_ID='6ed28fdb995843f982fafae74a60d8ef' AND PAYMENT_EVENT_LIST_ID='12ab5daf45b14fe8b4c2bfbb9196444f'
DELETE FROM CREDIT_OFFER_PAYMENT_EVENT_LIST WHERE CREDIT_OFFER_ID='6ed28fdb995843f982fafae74a60d8ef' AND PAYMENT_EVENT_LIST_ID='fe0b735f95f041dbb6a663edb5300e79'
DELETE FROM CREDIT_OFFER_PAYMENT_EVENT_LIST WHERE CREDIT_OFFER_ID='6ed28fdb995843f982fafae74a60d8ef' AND PAYMENT_EVENT_LIST_ID='edb1f2a14a3e44e5b39eab4c2cb0f08f'
DELETE FROM CREDIT_OFFER_PAYMENT_EVENT_LIST WHERE CREDIT_OFFER_ID='6ed28fdb995843f982fafae74a60d8ef' AND PAYMENT_EVENT_LIST_ID='3913c54370a145079641120d1a145c58'
DELETE FROM CREDIT_OFFER_PAYMENT_EVENT_LIST WHERE CREDIT_OFFER_ID='6ed28fdb995843f982fafae74a60d8ef' AND PAYMENT_EVENT_LIST_ID='9dcc3cf5e952498e917887bffa5143a3'
DELETE FROM CREDIT_OFFER_PAYMENT_EVENT_LIST WHERE CREDIT_OFFER_ID='6ed28fdb995843f982fafae74a60d8ef' AND PAYMENT_EVENT_LIST_ID='59e5936320e14797b043679790ca19f7'
DELETE FROM CREDIT_OFFER_PAYMENT_EVENT_LIST WHERE CREDIT_OFFER_ID='6ed28fdb995843f982fafae74a60d8ef' AND PAYMENT_EVENT_LIST_ID='036c12f1021546fea01b35f57b160cb2'
DELETE FROM CREDIT_OFFER_PAYMENT_EVENT_LIST WHERE CREDIT_OFFER_ID='6ed28fdb995843f982fafae74a60d8ef' AND PAYMENT_EVENT_LIST_ID='9aaeb4f9032f45078847f000c3331c7a'
DELETE FROM CREDIT_OFFER_PAYMENT_EVENT_LIST WHERE CREDIT_OFFER_ID='6ed28fdb995843f982fafae74a60d8ef' AND PAYMENT_EVENT_LIST_ID='6fd38d18266e48c99ca1d285280c33e1'
DELETE FROM PAYMENT_EVENT WHERE ID='99863480c92e45dcae8977a46386ecfd'
DELETE FROM PAYMENT_EVENT WHERE ID='a781ff0a8bdf47349541a19d7608c8db'
DELETE FROM PAYMENT_EVENT WHERE ID='83ac27f397ae4eefb9e4e9e6c7355f1c'
DELETE FROM PAYMENT_EVENT WHERE ID='12ab5daf45b14fe8b4c2bfbb9196444f'
DELETE FROM PAYMENT_EVENT WHERE ID='fe0b735f95f041dbb6a663edb5300e79'
DELETE FROM PAYMENT_EVENT WHERE ID='edb1f2a14a3e44e5b39eab4c2cb0f08f'
DELETE FROM PAYMENT_EVENT WHERE ID='3913c54370a145079641120d1a145c58'
DELETE FROM PAYMENT_EVENT WHERE ID='9dcc3cf5e952498e917887bffa5143a3'
DELETE FROM PAYMENT_EVENT WHERE ID='59e5936320e14797b043679790ca19f7'
DELETE FROM PAYMENT_EVENT WHERE ID='036c12f1021546fea01b35f57b160cb2'
DELETE FROM PAYMENT_EVENT WHERE ID='9aaeb4f9032f45078847f000c3331c7a'
DELETE FROM PAYMENT_EVENT WHERE ID='6fd38d18266e48c99ca1d285280c33e1'
DELETE FROM CREDIT_OFFER WHERE ID='6ed28fdb995843f982fafae74a60d8ef'
COMMIT
DELETE FROM BANK_CREDIT_LIST WHERE BANK_ID='20e60e0175d4f44cd6f7947883ddd5d0' AND CREDIT_LIST_ID='20e60e0175d4f44cd6f7947883ddd5a1'
DELETE FROM CREDIT WHERE ID='20e60e0175d4f44cd6f7947883ddd5a1'
COMMIT
DELETE FROM BANK_CLIENT_LIST WHERE BANK_ID='20e60e0175d4f44cd6f7947883ddd5d1' AND CLIENT_LIST_ID='20e60e0175d4f44cd6f7947883ddd4d2'
DELETE FROM CLIENT WHERE ID='20e60e0175d4f44cd6f7947883ddd4d2'
COMMIT
DELETE FROM BANK WHERE ID='20e60e0175d4f44cd6f7947883ddd5d1'
COMMIT
drop table if exists public.bank cascade 
drop table if exists public.client cascade 
drop table if exists public.credit cascade 
drop table if exists public.credit_offer cascade 
drop table if exists public.payment_event cascade 
drop table if exists bank_client_list cascade 
drop table if exists bank_credit_list cascade 
drop table if exists credit_offer_payment_event_list cascade 
DISCONNECT
/*C86*/SET SCHEMA PUBLIC
DISCONNECT
/*C87*/SET SCHEMA PUBLIC
DISCONNECT
/*C88*/SET SCHEMA PUBLIC
DISCONNECT
/*C89*/SET SCHEMA PUBLIC
DISCONNECT
/*C90*/SET SCHEMA PUBLIC
DISCONNECT
/*C91*/SET SCHEMA PUBLIC
DISCONNECT
/*C92*/SET SCHEMA PUBLIC
DISCONNECT
/*C93*/SET SCHEMA PUBLIC
DISCONNECT
/*C94*/SET SCHEMA PUBLIC
DISCONNECT
/*C95*/SET SCHEMA PUBLIC
drop table if exists public.bank cascade 
drop table if exists public.client cascade 
drop table if exists public.credit cascade 
drop table if exists public.credit_offer cascade 
drop table if exists public.payment_event cascade 
drop table if exists bank_client_list cascade 
drop table if exists bank_credit_list cascade 
drop table if exists credit_offer_payment_event_list cascade 
create table public.bank (id binary(16) not null, title varchar(255), primary key (id))
create table public.client (id binary(16) not null, email varchar(255), first_name varchar(255), passportid varchar(255), phone_number varchar(255), second_name varchar(255), primary key (id))
create table public.credit (id binary(16) not null, interest_rate float(53) not null, limit float(53) not null, primary key (id))
create table public.credit_offer (id binary(16) not null, duration integer not null, payment_sum float(53) not null, client_id binary(16), credit_id binary(16), primary key (id))
create table public.payment_event (id binary(16) not null, credit_sum float(53) not null, interest_sum float(53) not null, local_date date, payment_sum float(53) not null, credit_offer_id binary(16), primary key (id))
alter table public.client add constraint UK_ik3p1fjgcdk0unb6w1y68ppp6 unique (passportid)
create table bank_client_list (bank_id binary(16) not null, client_list_id binary(16) not null)
create table bank_credit_list (bank_id binary(16) not null, credit_list_id binary(16) not null)
create table credit_offer_payment_event_list (credit_offer_id binary(16) not null, payment_event_list_id binary(16) not null)
alter table bank_client_list add constraint UK_q0jj5ght012wm0hdl7pyf1vwc unique (client_list_id)
alter table bank_credit_list add constraint UK_9dphuwtddf88ulic704y0w6u8 unique (credit_list_id)
alter table credit_offer_payment_event_list add constraint UK_da3akgxwrn4c60i64p888gtsq unique (payment_event_list_id)
alter table public.credit_offer add constraint FK9d0yha92vq76j1p83ftcymopy foreign key (client_id) references public.client
alter table public.credit_offer add constraint FKnvc9mqgyq6ptbumj35edcgf4i foreign key (credit_id) references public.credit
alter table public.payment_event add constraint FK5ghbi796cq03o4557ajpw7fla foreign key (credit_offer_id) references public.credit_offer
alter table bank_client_list add constraint FKj23thvlf5tk9oy0sf0808lyxy foreign key (client_list_id) references public.client
alter table bank_client_list add constraint FKp82wiv8s7eydnrgjvtb2ebhm2 foreign key (bank_id) references public.bank
alter table bank_credit_list add constraint FK7l817fym4xdngqvu8gpafw7aj foreign key (credit_list_id) references public.credit
alter table bank_credit_list add constraint FK7e7qqta7g8wdc4516nq22wkf1 foreign key (bank_id) references public.bank
alter table credit_offer_payment_event_list add constraint FK5frxbpxiki3kwqd6ryp6bd0k3 foreign key (payment_event_list_id) references public.payment_event
alter table credit_offer_payment_event_list add constraint FKbn1r3pc2xxs9vadwlsehy7sg1 foreign key (credit_offer_id) references public.credit_offer
INSERT INTO CLIENT VALUES('20e60e0175d4f44cd6f7947883ddd4d0','KorkWake@smarts.ru','Kork','9177856785','89587656778','Wake')
COMMIT
INSERT INTO CLIENT VALUES('20e60e0175d4f44cd6f7947883ddd4d1','Anatoliy@gmail.com','Anatoliy','9177856778','89678587656','Noriaki')
COMMIT
INSERT INTO CLIENT VALUES('20e60e0175d4f44cd6f7947883ddd4d2','pro100Noriaki@mail.ru','Tolik','9177787856','89876585678','Kishibe')
COMMIT
INSERT INTO CREDIT VALUES('20e60e0175d4f44cd6f7947883ddd5a1',5.0E0,50000.0E0)
COMMIT
INSERT INTO CREDIT VALUES('20e60e0175d4f44cd6f7947883ddd5a2',12.0E0,20000.0E0)
COMMIT
INSERT INTO BANK VALUES('20e60e0175d4f44cd6f7947883ddd5d0','Krok bank')
COMMIT
INSERT INTO BANK VALUES('20e60e0175d4f44cd6f7947883ddd5d1','SberBank')
COMMIT
INSERT INTO BANK_CLIENT_LIST VALUES('20e60e0175d4f44cd6f7947883ddd5d0','20e60e0175d4f44cd6f7947883ddd4d0')
COMMIT
INSERT INTO BANK_CLIENT_LIST VALUES('20e60e0175d4f44cd6f7947883ddd5d0','20e60e0175d4f44cd6f7947883ddd4d1')
COMMIT
INSERT INTO BANK_CREDIT_LIST VALUES('20e60e0175d4f44cd6f7947883ddd5d0','20e60e0175d4f44cd6f7947883ddd5a1')
COMMIT
INSERT INTO BANK_CLIENT_LIST VALUES('20e60e0175d4f44cd6f7947883ddd5d1','20e60e0175d4f44cd6f7947883ddd4d2')
COMMIT
INSERT INTO BANK_CREDIT_LIST VALUES('20e60e0175d4f44cd6f7947883ddd5d1','20e60e0175d4f44cd6f7947883ddd5a2')
COMMIT
