/*C1*/SET SCHEMA SYSTEM_LOBS
INSERT INTO BLOCKS VALUES(0,2147483647,0)
COMMIT
/*C2*/SET SCHEMA PUBLIC
drop table if exists public.client cascade 
drop table if exists public.credit cascade 
drop table if exists public.credit_offer cascade 
drop table if exists public.payment_event cascade 
drop table if exists credit_offer_payment_event_list cascade 
create table public.client (id binary(16) not null, email varchar(255), first_name varchar(255), passportid varchar(255), phone_number varchar(255), second_name varchar(255), primary key (id))
create table public.credit (id binary(16) not null, interest_rate float(53) not null, limit float(53) not null, primary key (id))
create table public.credit_offer (id binary(16) not null, duration integer not null, payment_sum float(53) not null, client_id binary(16), credit_id binary(16), primary key (id))
create table public.payment_event (id binary(16) not null, credit_sum float(53) not null, interest_sum float(53) not null, local_date date, payment_sum float(53) not null, credit_offer_id binary(16), primary key (id))
alter table public.client add constraint UK_ik3p1fjgcdk0unb6w1y68ppp6 unique (passportid)
create table credit_offer_payment_event_list (credit_offer_id binary(16) not null, payment_event_list_id binary(16) not null)
alter table credit_offer_payment_event_list add constraint UK_da3akgxwrn4c60i64p888gtsq unique (payment_event_list_id)
alter table public.credit_offer add constraint FK9d0yha92vq76j1p83ftcymopy foreign key (client_id) references public.client
alter table public.credit_offer add constraint FKnvc9mqgyq6ptbumj35edcgf4i foreign key (credit_id) references public.credit
alter table public.payment_event add constraint FK5ghbi796cq03o4557ajpw7fla foreign key (credit_offer_id) references public.credit_offer
alter table credit_offer_payment_event_list add constraint FK5frxbpxiki3kwqd6ryp6bd0k3 foreign key (payment_event_list_id) references public.payment_event
alter table credit_offer_payment_event_list add constraint FKbn1r3pc2xxs9vadwlsehy7sg1 foreign key (credit_offer_id) references public.credit_offer
DISCONNECT
/*C3*/SET SCHEMA PUBLIC
DISCONNECT
/*C4*/SET SCHEMA PUBLIC
DISCONNECT
/*C5*/SET SCHEMA PUBLIC
DISCONNECT
/*C6*/SET SCHEMA PUBLIC
DISCONNECT
/*C7*/SET SCHEMA PUBLIC
DISCONNECT
/*C8*/SET SCHEMA PUBLIC
DISCONNECT
/*C9*/SET SCHEMA PUBLIC
DISCONNECT
/*C10*/SET SCHEMA PUBLIC
DISCONNECT
/*C11*/SET SCHEMA PUBLIC
DISCONNECT
